<?xml version="1.0" encoding="UTF-8"?>
<testng-results ignored="0" total="5" passed="4" failed="1" skipped="0">
  <reporter-output>
  </reporter-output>
  <suite started-at="2022-04-28T12:46:23 EDT" name="Default suite" finished-at="2022-04-28T12:46:47 EDT" duration-ms="23910">
    <groups>
      <group name="cucumber">
        <method signature="AbstractTestNGCucumberTests.runScenario(io.cucumber.testng.PickleWrapper,io.cucumber.testng.FeatureWrapper)[pri:0, instance:cucumberOptions.TestNGTestRunner@7d0b7e3c]" name="runScenario" class="io.cucumber.testng.AbstractTestNGCucumberTests"/>
      </group> <!-- cucumber -->
    </groups>
    <test started-at="2022-04-28T12:46:23 EDT" name="Default test" finished-at="2022-04-28T12:46:47 EDT" duration-ms="23910">
      <class name="cucumberOptions.TestNGTestRunner">
        <test-method is-config="true" signature="setUpClass(org.testng.ITestContext)[pri:0, instance:cucumberOptions.TestNGTestRunner@7d0b7e3c]" started-at="2022-04-28T12:46:23 EDT" name="setUpClass" finished-at="2022-04-28T12:46:24 EDT" duration-ms="738" status="PASS">
          <params>
            <param index="0">
              <value>
                <![CDATA[org.testng.TestRunner@2e23c180]]>
              </value>
            </param>
          </params>
          <reporter-output>
          </reporter-output>
        </test-method> <!-- setUpClass -->
        <test-method signature="runScenario(io.cucumber.testng.PickleWrapper,io.cucumber.testng.FeatureWrapper)[pri:0, instance:cucumberOptions.TestNGTestRunner@7d0b7e3c]" started-at="2022-04-28T12:46:24 EDT" name="runScenario" description="Runs Cucumber Scenarios" data-provider="scenarios" finished-at="2022-04-28T12:46:38 EDT" duration-ms="14021" status="FAIL">
          <params>
            <param index="0">
              <value>
                <![CDATA["Item search experience"]]>
              </value>
            </param>
            <param index="1">
              <value>
                <![CDATA["Optional[GreenCart Search experience]"]]>
              </value>
            </param>
          </params>
          <exception class="java.lang.AssertionError">
            <message>
              <![CDATA[expected [Beetroot] but found [No data]]]>
            </message>
            <full-stacktrace>
              <![CDATA[java.lang.AssertionError: expected [Beetroot] but found [No data]
at org.testng.Assert.fail(Assert.java:99)
at org.testng.Assert.failNotEquals(Assert.java:1037)
at org.testng.Assert.assertEqualsImpl(Assert.java:140)
at org.testng.Assert.assertEquals(Assert.java:122)
at org.testng.Assert.assertEquals(Assert.java:629)
at org.testng.Assert.assertEquals(Assert.java:639)
at stepDefinitions.OffersPageStepDefinitions.check_whether_same_items_are_being_displayed_in_the_offers_page(OffersPageStepDefinitions.java:41)
at ✽.Check whether same items are being displayed in the Offers Page(file:///C:/Users/aks4a/eclipse-workspace/cucumberFrameworkParam/src/test/java/features/searchItem.feature:10)
]]>
            </full-stacktrace>
          </exception> <!-- java.lang.AssertionError -->
          <reporter-output>
          </reporter-output>
        </test-method> <!-- runScenario -->
        <test-method signature="runScenario(io.cucumber.testng.PickleWrapper,io.cucumber.testng.FeatureWrapper)[pri:0, instance:cucumberOptions.TestNGTestRunner@7d0b7e3c]" started-at="2022-04-28T12:46:24 EDT" name="runScenario" description="Runs Cucumber Scenarios" data-provider="scenarios" finished-at="2022-04-28T12:46:39 EDT" duration-ms="15285" status="PASS">
          <params>
            <param index="0">
              <value>
                <![CDATA["Item search experience"]]>
              </value>
            </param>
            <param index="1">
              <value>
                <![CDATA["Optional[GreenCart Search experience]"]]>
              </value>
            </param>
          </params>
          <reporter-output>
          </reporter-output>
        </test-method> <!-- runScenario -->
        <test-method signature="runScenario(io.cucumber.testng.PickleWrapper,io.cucumber.testng.FeatureWrapper)[pri:0, instance:cucumberOptions.TestNGTestRunner@7d0b7e3c]" started-at="2022-04-28T12:46:24 EDT" name="runScenario" description="Runs Cucumber Scenarios" data-provider="scenarios" finished-at="2022-04-28T12:46:46 EDT" duration-ms="22141" status="PASS">
          <params>
            <param index="0">
              <value>
                <![CDATA["Items added to cart for checkout"]]>
              </value>
            </param>
            <param index="1">
              <value>
                <![CDATA["Optional[Checkout experience]"]]>
              </value>
            </param>
          </params>
          <reporter-output>
          </reporter-output>
        </test-method> <!-- runScenario -->
        <test-method signature="runScenario(io.cucumber.testng.PickleWrapper,io.cucumber.testng.FeatureWrapper)[pri:0, instance:cucumberOptions.TestNGTestRunner@7d0b7e3c]" started-at="2022-04-28T12:46:24 EDT" name="runScenario" description="Runs Cucumber Scenarios" data-provider="scenarios" finished-at="2022-04-28T12:46:43 EDT" duration-ms="18965" status="PASS">
          <params>
            <param index="0">
              <value>
                <![CDATA["Items added to cart for checkout"]]>
              </value>
            </param>
            <param index="1">
              <value>
                <![CDATA["Optional[Checkout experience]"]]>
              </value>
            </param>
          </params>
          <reporter-output>
          </reporter-output>
        </test-method> <!-- runScenario -->
        <test-method signature="runScenario(io.cucumber.testng.PickleWrapper,io.cucumber.testng.FeatureWrapper)[pri:0, instance:cucumberOptions.TestNGTestRunner@7d0b7e3c]" started-at="2022-04-28T12:46:24 EDT" name="runScenario" description="Runs Cucumber Scenarios" data-provider="scenarios" finished-at="2022-04-28T12:46:42 EDT" duration-ms="18407" status="PASS">
          <params>
            <param index="0">
              <value>
                <![CDATA["Items added to cart for checkout"]]>
              </value>
            </param>
            <param index="1">
              <value>
                <![CDATA["Optional[Checkout experience]"]]>
              </value>
            </param>
          </params>
          <reporter-output>
          </reporter-output>
        </test-method> <!-- runScenario -->
        <test-method is-config="true" signature="tearDownClass()[pri:0, instance:cucumberOptions.TestNGTestRunner@7d0b7e3c]" started-at="2022-04-28T12:46:46 EDT" name="tearDownClass" finished-at="2022-04-28T12:46:47 EDT" duration-ms="989" status="PASS">
          <reporter-output>
          </reporter-output>
        </test-method> <!-- tearDownClass -->
      </class> <!-- cucumberOptions.TestNGTestRunner -->
    </test> <!-- Default test -->
  </suite> <!-- Default suite -->
</testng-results>
